Arguments: 
  /usr/bin/node /usr/share/yarn/bin/yarn.js init

PATH: 
  /usr/local/sbin:/usr/local/bin:/usr/sbin:/usr/bin:/sbin:/bin:/usr/games:/usr/local/games:/mnt/c/Program Files (x86)/Common Files/Oracle/Java/javapath:/mnt/c/Windows/system32:/mnt/c/Windows:/mnt/c/Windows/System32/Wbem:/mnt/c/Windows/System32/WindowsPowerShell/v1.0/:/mnt/c/Windows/System32/OpenSSH/:/mnt/e/Program Files/Git/cmd:/mnt/c/ProgramData/chocolatey/bin:/mnt/c/Program Files/Java/jdk1.8.0_191/bin:/mnt/c/Program Files/Java/jdk1.8.0_191/jre/bin:/mnt/c/Users/7/AppData/Local/Yarn/bin:/mnt/c/Users/7/AppData/Local/Android/Sdk/platform-tools:/mnt/c/Users/7/AppData/Roaming/nvm:/mnt/c/Program Files/nodejs:/mnt/c/Users/7/AppData/Local/Microsoft/WindowsApps:/mnt/e/VSCODE/Microsoft VS Code/bin:/mnt/e/flutter/bin:/mnt/c/Users/7/AppData/Local/Android/Sdk/platform-tools:/mnt/c/Users/7/AppData/Roaming/npm:/mnt/c/Users/7/AppData/Roaming/nvm:/mnt/c/Program Files/nodejs:/snap/bin

Yarn version: 
  1.17.3

Node version: 
  10.19.0

Platform: 
  linux x64

Trace: 
  Error: canceled
      at Interface.<anonymous> (/usr/share/yarn/lib/cli.js:136724:13)
      at Interface.emit (events.js:198:13)
      at Interface._ttyWrite (readline.js:801:16)
      at ReadStream.onkeypress (readline.js:184:10)
      at ReadStream.emit (events.js:198:13)
      at emitKeys (internal/readline.js:424:14)
      at emitKeys.next (<anonymous>)
      at ReadStream.onData (readline.js:1073:36)
      at ReadStream.emit (events.js:198:13)
      at addChunk (_stream_readable.js:288:12)

npm manifest: 
  No manifest

yarn manifest: 
  No manifest

Lockfile: 
  No lockfile
